[H[2J🎰 POLYARB-15M Starting (Multi-Asset: BTC, ETH, SOL, XRP)...
⏰ Started at: 2026-02-25 10:41:45
✅ Config loaded successfully
💰 Fee simulation enabled: 312 bps base (~1.6% effective at p=0.50)
[?25l[?1049h[2J[H[?25l[?2004h[H╭────────────────────────────────────────────────────────────────────────────╮
│                      ◆  POLYARB-15M TRADING TERMINAL  ◆                    │
│   ● REST …  ·  ● WS … (…)  ·  ⏱ 2562047h47m16.854775807s  ·  [s] settings  │
│ ·  [q] quit                                                                │
╰────────────────────────────────────────────────────────────────────────────╯


╭────────────────────────────────────────────────────────────────────────────╮
│ 💼 ACCOUNT STATUS                                                          │
│   Cash $0.00  ·  Exposure $0.00  ·  Equity $0.00  (+$0.00)                 │
│   ░░░░░░░░░░░░░░░░░░░░░░░░░░░░░░░░░░░░░░░░░░░░░░░░░░░ 0% deployed          │
│   Realized +$0.00  ·  Arb +$0.00                                           │
│   Compound 0.00×  ·  0 rounds (0 profitable)  ·  ⏱                         │
│ 2562047h47m16.854775807s                                                   │
╰────────────────────────────────────────────────────────────────────────────╯

╭────────────────────────────────────────────────────────────────────────────╮
│ 📦 POSITIONS                                                               │
│   (none)                                                                   │
╰────────────────────────────────────────────────────────────────────────────╯
╭────────────────────────────────────────────────────────────────────────────╮
│ 📋 ORDER HISTORY                                                           │
│   (no trades yet)                                                          │
╰────────────────────────────────────────────────────────────────────────────╯

╭────────────────────────────────────────────────────────────────────────────╮
│ 📜 EVENT LOG                                                               │
│   (waiting for events…)                                                    │
╰────────────────────────────────────────────────────────────────────────────╯
  Polyarb-15m  ·  Paper Trading Mode                      Press [q] to quit  [30;H[H

│   ● REST …  ·  ● WS … (…)  ·  ⏱ 0s  ·  [s] settings  ·  [q] quit           │
╰────────────────────────────────────────────────────────────────────────────╯


╭────────────────────────────────────────────────────────────────────────────╮
│ 💼 ACCOUNT STATUS                                                          │
│   Cash $100.00  ·  Exposure $0.00  ·  Equity $100.00  (+$0.00)             │
│   ░░░░░░░░░░░░░░░░░░░░░░░░░░░░░░░░░░░░░░░░░░░░░░░░░░░ 0% deployed          │
│   Trade 100.0%  ($100.00/trade)  ·  Realized +$0.00  ·  Arb +$0.00         │
│   Compound 1.00×  ·  0 rounds (0 profitable)  ·  ⏱ 0s                      │
╰────────────────────────────────────────────────────────────────────────────╯

╭────────────────────────────────────────────────────────────────────────────╮
│ 📦 POSITIONS                                                               │
│   (none)                                                                   │
╰────────────────────────────────────────────────────────────────────────────╯
╭────────────────────────────────────────────────────────────────────────────╮
│ 📋 ORDER HISTORY                                                           │
│   (no trades yet)                                                          │
╰────────────────────────────────────────────────────────────────────────────╯

╭────────────────────────────────────────────────────────────────────────────╮
│ 📜 EVENT LOG                                                               │
│   [10:41:45] Bot starting with multi-asset support                         │
│   [10:41:45] Searching for active markets based on live settings...        │
│                                                                            │

[30;H[H

│   ● REST …  ·  ● WS … (…)  ·  ⏱ 1s  ·  [s] settings  ·  [q] quit           │








│   Compound 1.00×  ·  0 rounds (0 profitable)  ·  ⏱ 1s                      │

















[30;H